<?xml version="1.0" encoding="UTF-8"?>
<testsuite xmlns:xsi="http://www.w3.org/2001/XMLSchema-instance" xsi:noNamespaceSchemaLocation="https://maven.apache.org/surefire/maven-surefire-plugin/xsd/surefire-test-report-3.0.xsd" version="3.0" name="com.powernode.mybatis.ProviderTest" time="0.087" tests="2" errors="0" skipped="0" failures="0">
  <properties>
[...]
</properties>
  <testcase name="findAll" classname="com.powernode.mybatis.ProviderTest" time="0.028">
    <system-out><![CDATA[2023-08-18T17:05:26.782+08:00  INFO 91064 --- [           main] t.c.s.AnnotationConfigContextLoaderUtils : Could not detect default configuration classes for test class [com.powernode.mybatis.ProviderTest]: ProviderTest does not declare any static, non-private, non-final, nested classes annotated with @Configuration.
2023-08-18T17:05:26.791+08:00  INFO 91064 --- [           main] .b.t.c.SpringBootTestContextBootstrapper : Found @SpringBootConfiguration com.powernode.mybatis.Lesson10MybatisApplication for test class com.powernode.mybatis.ProviderTest
Creating a new SqlSession
SqlSession [org.apache.ibatis.session.defaults.DefaultSqlSession@5d3f99d7] was not registered for synchronization because synchronization is not active
JDBC Connection [HikariProxyConnection@1444776174 wrapping com.mysql.cj.jdbc.ConnectionImpl@6a96d639] will not be managed by Spring
==>  Preparing: select id,brand,produce_time,car_num,car_type,guide_price from t_car
==> Parameters: 
<==    Columns: id, brand, produce_time, car_num, car_type, guide_price
<==        Row: 2, 凯美瑞, 1999-11-10, 1001, 撚油车, 3.30
<==        Row: 18, 凯美瑞, 1999-11-10, 1111, 撚油车, 30.30
<==        Row: 20, 比亚迪, 2001-1-1, 1002, 电动, 20.10
<==        Row: 21, 拉法, 2019-1-1, 1111, 燃油车, 1999.00
<==        Row: 22, 比亚迪, 2001-1-1, 1002, 电动, 20.10
<==        Row: 25, 长安福特, 2019-10-3, 113, 电动车, 100.00
<==        Row: 29, 长安福特, 2019-10-3, 888, 电动车, 100.00
<==        Row: 30, 奥迪, 2020-9-8, 9999999, 电动, 30.00
<==        Row: 32, 大众, 2010-11-2, 1111, 燃油车, 99.90
<==        Row: 33, 大众, 2010-11-2, 1111, 燃油车, 99.90
<==      Total: 10
Closing non transactional SqlSession [org.apache.ibatis.session.defaults.DefaultSqlSession@5d3f99d7]
[Car(id=2, carNum=1001, brand=凯美瑞, guidePrice=3.3, produceTime=1999-11-10, carType=撚油车), Car(id=18, carNum=1111, brand=凯美瑞, guidePrice=30.3, produceTime=1999-11-10, carType=撚油车), Car(id=20, carNum=1002, brand=比亚迪, guidePrice=20.1, produceTime=2001-1-1, carType=电动), Car(id=21, carNum=1111, brand=拉法, guidePrice=1999.0, produceTime=2019-1-1, carType=燃油车), Car(id=22, carNum=1002, brand=比亚迪, guidePrice=20.1, produceTime=2001-1-1, carType=电动), Car(id=25, carNum=113, brand=长安福特, guidePrice=100.0, produceTime=2019-10-3, carType=电动车), Car(id=29, carNum=888, brand=长安福特, guidePrice=100.0, produceTime=2019-10-3, carType=电动车), Car(id=30, carNum=9999999, brand=奥迪, guidePrice=30.0, produceTime=2020-9-8, carType=电动), Car(id=32, carNum=1111, brand=大众, guidePrice=99.9, produceTime=2010-11-2, carType=燃油车), Car(id=33, carNum=1111, brand=大众, guidePrice=99.9, produceTime=2010-11-2, carType=燃油车)]
]]></system-out>
  </testcase>
  <testcase name="findOne" classname="com.powernode.mybatis.ProviderTest" time="0.013">
    <system-out><![CDATA[Creating a new SqlSession
SqlSession [org.apache.ibatis.session.defaults.DefaultSqlSession@5f883d90] was not registered for synchronization because synchronization is not active
JDBC Connection [HikariProxyConnection@2119759511 wrapping com.mysql.cj.jdbc.ConnectionImpl@6a96d639] will not be managed by Spring
==>  Preparing: select id,brand,produce_time,car_num,car_type,guide_price from t_car where id=?
==> Parameters: 30(Integer)
<==    Columns: id, brand, produce_time, car_num, car_type, guide_price
<==        Row: 30, 奥迪, 2020-9-8, 9999999, 电动, 30.00
<==      Total: 1
Closing non transactional SqlSession [org.apache.ibatis.session.defaults.DefaultSqlSession@5f883d90]
Car(id=30, carNum=9999999, brand=奥迪, guidePrice=30.0, produceTime=2020-9-8, carType=电动)
]]></system-out>
  </testcase>
</testsuite>